
The following have been reloaded with a version change:
  1) cpu/0.17.3b => cpu/0.15.4

2024-02-28 07:52:24,649 INFO impl.MetricsConfig: Loaded properties from hadoop-metrics2.properties
2024-02-28 07:52:24,723 INFO impl.MetricsSystemImpl: Scheduled Metric snapshot period at 10 second(s).
2024-02-28 07:52:24,723 INFO impl.MetricsSystemImpl: JobTracker metrics system started
2024-02-28 07:52:24,787 WARN mapreduce.JobResourceUploader: Hadoop command-line option parsing not performed. Implement the Tool interface and execute your application with ToolRunner to remedy this.
2024-02-28 07:52:24,882 INFO input.FileInputFormat: Total input files to process : 1
2024-02-28 07:52:24,909 INFO mapreduce.JobSubmitter: number of splits:1
2024-02-28 07:52:25,039 INFO mapreduce.JobSubmitter: Submitting tokens for job: job_local2028028159_0001
2024-02-28 07:52:25,039 INFO mapreduce.JobSubmitter: Executing with tokens: []
2024-02-28 07:52:25,132 INFO mapreduce.Job: The url to track the job: http://localhost:8080/
2024-02-28 07:52:25,139 INFO mapreduce.Job: Running job: job_local2028028159_0001
2024-02-28 07:52:25,140 INFO mapred.LocalJobRunner: OutputCommitter set in config null
2024-02-28 07:52:25,148 INFO output.FileOutputCommitter: File Output Committer Algorithm version is 2
2024-02-28 07:52:25,148 INFO output.FileOutputCommitter: FileOutputCommitter skip cleanup _temporary folders under output directory:false, ignore cleanup failures: false
2024-02-28 07:52:25,148 INFO mapred.LocalJobRunner: OutputCommitter is org.apache.hadoop.mapreduce.lib.output.FileOutputCommitter
2024-02-28 07:52:25,216 INFO mapred.LocalJobRunner: Waiting for map tasks
2024-02-28 07:52:25,217 INFO mapred.LocalJobRunner: Starting task: attempt_local2028028159_0001_m_000000_0
2024-02-28 07:52:25,234 INFO output.FileOutputCommitter: File Output Committer Algorithm version is 2
2024-02-28 07:52:25,234 INFO output.FileOutputCommitter: FileOutputCommitter skip cleanup _temporary folders under output directory:false, ignore cleanup failures: false
2024-02-28 07:52:25,259 INFO mapred.Task:  Using ResourceCalculatorProcessTree : [ ]
2024-02-28 07:52:25,263 INFO mapred.MapTask: Processing split: file:/home/snavadia/project2/M-matrix-small.txt:0+20843
2024-02-28 07:52:25,284 INFO mapred.MapTask: (EQUATOR) 0 kvi 26214396(104857584)
2024-02-28 07:52:25,284 INFO mapred.MapTask: mapreduce.task.io.sort.mb: 100
2024-02-28 07:52:25,284 INFO mapred.MapTask: soft limit at 83886080
2024-02-28 07:52:25,285 INFO mapred.MapTask: bufstart = 0; bufvoid = 104857600
2024-02-28 07:52:25,285 INFO mapred.MapTask: kvstart = 26214396; length = 6553600
2024-02-28 07:52:25,288 INFO mapred.MapTask: Map output collector class = org.apache.hadoop.mapred.MapTask$MapOutputBuffer
2024-02-28 07:52:25,314 INFO mapred.LocalJobRunner: 
2024-02-28 07:52:25,314 INFO mapred.MapTask: Starting flush of map output
2024-02-28 07:52:25,314 INFO mapred.MapTask: Spilling map output
2024-02-28 07:52:25,314 INFO mapred.MapTask: bufstart = 0; bufend = 40320; bufvoid = 104857600
2024-02-28 07:52:25,314 INFO mapred.MapTask: kvstart = 26214396(104857584); kvend = 26207680(104830720); length = 6717/6553600
2024-02-28 07:52:25,326 INFO mapred.MapTask: Finished spill 0
2024-02-28 07:52:25,332 INFO mapred.Task: Task:attempt_local2028028159_0001_m_000000_0 is done. And is in the process of committing
2024-02-28 07:52:25,334 INFO mapred.LocalJobRunner: map
2024-02-28 07:52:25,334 INFO mapred.Task: Task 'attempt_local2028028159_0001_m_000000_0' done.
2024-02-28 07:52:25,339 INFO mapred.Task: Final Counters for attempt_local2028028159_0001_m_000000_0: Counters: 17
	File System Counters
		FILE: Number of bytes read=29925
		FILE: Number of bytes written=599745
		FILE: Number of read operations=0
		FILE: Number of large read operations=0
		FILE: Number of write operations=0
	Map-Reduce Framework
		Map input records=1680
		Map output records=1680
		Map output bytes=40320
		Map output materialized bytes=43686
		Input split bytes=112
		Combine input records=0
		Spilled Records=1680
		Failed Shuffles=0
		Merged Map outputs=0
		GC time elapsed (ms)=0
		Total committed heap usage (bytes)=2147483648
	File Input Format Counters 
		Bytes Read=20843
2024-02-28 07:52:25,339 INFO mapred.LocalJobRunner: Finishing task: attempt_local2028028159_0001_m_000000_0
2024-02-28 07:52:25,340 INFO mapred.LocalJobRunner: map task executor complete.
2024-02-28 07:52:25,342 INFO mapred.LocalJobRunner: Waiting for reduce tasks
2024-02-28 07:52:25,342 INFO mapred.LocalJobRunner: Starting task: attempt_local2028028159_0001_r_000000_0
2024-02-28 07:52:25,348 INFO output.FileOutputCommitter: File Output Committer Algorithm version is 2
2024-02-28 07:52:25,348 INFO output.FileOutputCommitter: FileOutputCommitter skip cleanup _temporary folders under output directory:false, ignore cleanup failures: false
2024-02-28 07:52:25,349 INFO mapred.Task:  Using ResourceCalculatorProcessTree : [ ]
2024-02-28 07:52:25,350 INFO mapred.ReduceTask: Using ShuffleConsumerPlugin: org.apache.hadoop.mapreduce.task.reduce.Shuffle@3ba9e7c9
2024-02-28 07:52:25,351 WARN impl.MetricsSystemImpl: JobTracker metrics system already initialized!
2024-02-28 07:52:25,363 INFO reduce.MergeManagerImpl: The max number of bytes for a single in-memory shuffle cannot be larger than Integer.MAX_VALUE. Setting it to Integer.MAX_VALUE
2024-02-28 07:52:25,363 INFO reduce.MergeManagerImpl: MergerManager: memoryLimit=22525089792, maxSingleShuffleLimit=2147483647, mergeThreshold=14866560000, ioSortFactor=10, memToMemMergeOutputsThreshold=10
2024-02-28 07:52:25,364 INFO reduce.EventFetcher: attempt_local2028028159_0001_r_000000_0 Thread started: EventFetcher for fetching Map Completion Events
2024-02-28 07:52:25,384 INFO reduce.LocalFetcher: localfetcher#1 about to shuffle output of map attempt_local2028028159_0001_m_000000_0 decomp: 43682 len: 43686 to MEMORY
2024-02-28 07:52:25,386 INFO reduce.InMemoryMapOutput: Read 43682 bytes from map-output for attempt_local2028028159_0001_m_000000_0
2024-02-28 07:52:25,387 INFO reduce.MergeManagerImpl: closeInMemoryFile -> map-output of size: 43682, inMemoryMapOutputs.size() -> 1, commitMemory -> 0, usedMemory ->43682
2024-02-28 07:52:25,389 INFO reduce.EventFetcher: EventFetcher is interrupted.. Returning
2024-02-28 07:52:25,390 INFO mapred.LocalJobRunner: 1 / 1 copied.
2024-02-28 07:52:25,390 INFO reduce.MergeManagerImpl: finalMerge called with 1 in-memory map-outputs and 0 on-disk map-outputs
2024-02-28 07:52:25,393 INFO mapred.Merger: Merging 1 sorted segments
2024-02-28 07:52:25,393 INFO mapred.Merger: Down to the last merge-pass, with 1 segments left of total size: 43672 bytes
2024-02-28 07:52:25,397 INFO reduce.MergeManagerImpl: Merged 1 segments, 43682 bytes to disk to satisfy reduce memory limit
2024-02-28 07:52:25,398 INFO reduce.MergeManagerImpl: Merging 1 files, 43686 bytes from disk
2024-02-28 07:52:25,398 INFO reduce.MergeManagerImpl: Merging 0 segments, 0 bytes from memory into reduce
2024-02-28 07:52:25,398 INFO mapred.Merger: Merging 1 sorted segments
2024-02-28 07:52:25,398 INFO mapred.Merger: Down to the last merge-pass, with 1 segments left of total size: 43672 bytes
2024-02-28 07:52:25,399 INFO mapred.LocalJobRunner: 1 / 1 copied.
2024-02-28 07:52:25,476 INFO Configuration.deprecation: mapred.skip.on is deprecated. Instead, use mapreduce.job.skiprecords
2024-02-28 07:52:25,495 INFO mapred.Task: Task:attempt_local2028028159_0001_r_000000_0 is done. And is in the process of committing
2024-02-28 07:52:25,495 INFO mapred.LocalJobRunner: 1 / 1 copied.
2024-02-28 07:52:25,496 INFO mapred.Task: Task attempt_local2028028159_0001_r_000000_0 is allowed to commit now
2024-02-28 07:52:25,526 INFO output.FileOutputCommitter: Saved output of task 'attempt_local2028028159_0001_r_000000_0' to file:/home/snavadia/project2/left_tmp
2024-02-28 07:52:25,527 INFO mapred.LocalJobRunner: reduce > reduce
2024-02-28 07:52:25,527 INFO mapred.Task: Task 'attempt_local2028028159_0001_r_000000_0' done.
2024-02-28 07:52:25,527 INFO mapred.Task: Final Counters for attempt_local2028028159_0001_r_000000_0: Counters: 24
	File System Counters
		FILE: Number of bytes read=117329
		FILE: Number of bytes written=660256
		FILE: Number of read operations=0
		FILE: Number of large read operations=0
		FILE: Number of write operations=0
	Map-Reduce Framework
		Combine input records=0
		Combine output records=0
		Reduce input groups=40
		Reduce shuffle bytes=43686
		Reduce input records=1680
		Reduce output records=40
		Spilled Records=1680
		Shuffled Maps =1
		Failed Shuffles=0
		Merged Map outputs=1
		GC time elapsed (ms)=0
		Total committed heap usage (bytes)=2147483648
	Shuffle Errors
		BAD_ID=0
		CONNECTION=0
		IO_ERROR=0
		WRONG_LENGTH=0
		WRONG_MAP=0
		WRONG_REDUCE=0
	File Output Format Counters 
		Bytes Written=16825
2024-02-28 07:52:25,527 INFO mapred.LocalJobRunner: Finishing task: attempt_local2028028159_0001_r_000000_0
2024-02-28 07:52:25,527 INFO mapred.LocalJobRunner: reduce task executor complete.
2024-02-28 07:52:26,145 INFO mapreduce.Job: Job job_local2028028159_0001 running in uber mode : false
2024-02-28 07:52:26,146 INFO mapreduce.Job:  map 100% reduce 100%
2024-02-28 07:52:26,147 INFO mapreduce.Job: Job job_local2028028159_0001 completed successfully
2024-02-28 07:52:26,153 INFO mapreduce.Job: Counters: 30
	File System Counters
		FILE: Number of bytes read=147254
		FILE: Number of bytes written=1260001
		FILE: Number of read operations=0
		FILE: Number of large read operations=0
		FILE: Number of write operations=0
	Map-Reduce Framework
		Map input records=1680
		Map output records=1680
		Map output bytes=40320
		Map output materialized bytes=43686
		Input split bytes=112
		Combine input records=0
		Combine output records=0
		Reduce input groups=40
		Reduce shuffle bytes=43686
		Reduce input records=1680
		Reduce output records=40
		Spilled Records=3360
		Shuffled Maps =1
		Failed Shuffles=0
		Merged Map outputs=1
		GC time elapsed (ms)=0
		Total committed heap usage (bytes)=4294967296
	Shuffle Errors
		BAD_ID=0
		CONNECTION=0
		IO_ERROR=0
		WRONG_LENGTH=0
		WRONG_MAP=0
		WRONG_REDUCE=0
	File Input Format Counters 
		Bytes Read=20843
	File Output Format Counters 
		Bytes Written=16825
2024-02-28 07:52:26,154 WARN impl.MetricsSystemImpl: JobTracker metrics system already initialized!
2024-02-28 07:52:26,156 WARN mapreduce.JobResourceUploader: Hadoop command-line option parsing not performed. Implement the Tool interface and execute your application with ToolRunner to remedy this.
2024-02-28 07:52:26,159 INFO input.FileInputFormat: Total input files to process : 1
2024-02-28 07:52:26,160 INFO mapreduce.JobSubmitter: number of splits:1
2024-02-28 07:52:26,171 INFO mapreduce.JobSubmitter: Submitting tokens for job: job_local1954249769_0002
2024-02-28 07:52:26,171 INFO mapreduce.JobSubmitter: Executing with tokens: []
2024-02-28 07:52:26,231 INFO mapreduce.Job: The url to track the job: http://localhost:8080/
2024-02-28 07:52:26,231 INFO mapreduce.Job: Running job: job_local1954249769_0002
2024-02-28 07:52:26,231 INFO mapred.LocalJobRunner: OutputCommitter set in config null
2024-02-28 07:52:26,232 INFO output.FileOutputCommitter: File Output Committer Algorithm version is 2
2024-02-28 07:52:26,232 INFO output.FileOutputCommitter: FileOutputCommitter skip cleanup _temporary folders under output directory:false, ignore cleanup failures: false
2024-02-28 07:52:26,232 INFO mapred.LocalJobRunner: OutputCommitter is org.apache.hadoop.mapreduce.lib.output.FileOutputCommitter
2024-02-28 07:52:26,301 INFO mapred.LocalJobRunner: Waiting for map tasks
2024-02-28 07:52:26,301 INFO mapred.LocalJobRunner: Starting task: attempt_local1954249769_0002_m_000000_0
2024-02-28 07:52:26,302 INFO output.FileOutputCommitter: File Output Committer Algorithm version is 2
2024-02-28 07:52:26,302 INFO output.FileOutputCommitter: FileOutputCommitter skip cleanup _temporary folders under output directory:false, ignore cleanup failures: false
2024-02-28 07:52:26,302 INFO mapred.Task:  Using ResourceCalculatorProcessTree : [ ]
2024-02-28 07:52:26,303 INFO mapred.MapTask: Processing split: file:/home/snavadia/project2/N-matrix-small.txt:0+20844
2024-02-28 07:52:26,315 INFO mapred.MapTask: (EQUATOR) 0 kvi 26214396(104857584)
2024-02-28 07:52:26,316 INFO mapred.MapTask: mapreduce.task.io.sort.mb: 100
2024-02-28 07:52:26,316 INFO mapred.MapTask: soft limit at 83886080
2024-02-28 07:52:26,316 INFO mapred.MapTask: bufstart = 0; bufvoid = 104857600
2024-02-28 07:52:26,316 INFO mapred.MapTask: kvstart = 26214396; length = 6553600
2024-02-28 07:52:26,316 INFO mapred.MapTask: Map output collector class = org.apache.hadoop.mapred.MapTask$MapOutputBuffer
2024-02-28 07:52:26,326 INFO mapred.LocalJobRunner: 
2024-02-28 07:52:26,326 INFO mapred.MapTask: Starting flush of map output
2024-02-28 07:52:26,326 INFO mapred.MapTask: Spilling map output
2024-02-28 07:52:26,326 INFO mapred.MapTask: bufstart = 0; bufend = 40320; bufvoid = 104857600
2024-02-28 07:52:26,326 INFO mapred.MapTask: kvstart = 26214396(104857584); kvend = 26207680(104830720); length = 6717/6553600
2024-02-28 07:52:26,329 INFO mapred.MapTask: Finished spill 0
2024-02-28 07:52:26,329 INFO mapred.Task: Task:attempt_local1954249769_0002_m_000000_0 is done. And is in the process of committing
2024-02-28 07:52:26,330 INFO mapred.LocalJobRunner: map
2024-02-28 07:52:26,330 INFO mapred.Task: Task 'attempt_local1954249769_0002_m_000000_0' done.
2024-02-28 07:52:26,331 INFO mapred.Task: Final Counters for attempt_local1954249769_0002_m_000000_0: Counters: 17
	File System Counters
		FILE: Number of bytes read=147255
		FILE: Number of bytes written=1260011
		FILE: Number of read operations=0
		FILE: Number of large read operations=0
		FILE: Number of write operations=0
	Map-Reduce Framework
		Map input records=1680
		Map output records=1680
		Map output bytes=40320
		Map output materialized bytes=43686
		Input split bytes=112
		Combine input records=0
		Spilled Records=1680
		Failed Shuffles=0
		Merged Map outputs=0
		GC time elapsed (ms)=0
		Total committed heap usage (bytes)=2147483648
	File Input Format Counters 
		Bytes Read=20844
2024-02-28 07:52:26,331 INFO mapred.LocalJobRunner: Finishing task: attempt_local1954249769_0002_m_000000_0
2024-02-28 07:52:26,331 INFO mapred.LocalJobRunner: map task executor complete.
2024-02-28 07:52:26,332 INFO mapred.LocalJobRunner: Waiting for reduce tasks
2024-02-28 07:52:26,332 INFO mapred.LocalJobRunner: Starting task: attempt_local1954249769_0002_r_000000_0
2024-02-28 07:52:26,334 INFO output.FileOutputCommitter: File Output Committer Algorithm version is 2
2024-02-28 07:52:26,334 INFO output.FileOutputCommitter: FileOutputCommitter skip cleanup _temporary folders under output directory:false, ignore cleanup failures: false
2024-02-28 07:52:26,334 INFO mapred.Task:  Using ResourceCalculatorProcessTree : [ ]
2024-02-28 07:52:26,334 INFO mapred.ReduceTask: Using ShuffleConsumerPlugin: org.apache.hadoop.mapreduce.task.reduce.Shuffle@60148c35
2024-02-28 07:52:26,334 WARN impl.MetricsSystemImpl: JobTracker metrics system already initialized!
2024-02-28 07:52:26,335 INFO reduce.MergeManagerImpl: The max number of bytes for a single in-memory shuffle cannot be larger than Integer.MAX_VALUE. Setting it to Integer.MAX_VALUE
2024-02-28 07:52:26,335 INFO reduce.MergeManagerImpl: MergerManager: memoryLimit=22525089792, maxSingleShuffleLimit=2147483647, mergeThreshold=14866560000, ioSortFactor=10, memToMemMergeOutputsThreshold=10
2024-02-28 07:52:26,336 INFO reduce.EventFetcher: attempt_local1954249769_0002_r_000000_0 Thread started: EventFetcher for fetching Map Completion Events
2024-02-28 07:52:26,337 INFO reduce.LocalFetcher: localfetcher#2 about to shuffle output of map attempt_local1954249769_0002_m_000000_0 decomp: 43682 len: 43686 to MEMORY
2024-02-28 07:52:26,338 INFO reduce.InMemoryMapOutput: Read 43682 bytes from map-output for attempt_local1954249769_0002_m_000000_0
2024-02-28 07:52:26,338 INFO reduce.MergeManagerImpl: closeInMemoryFile -> map-output of size: 43682, inMemoryMapOutputs.size() -> 1, commitMemory -> 0, usedMemory ->43682
2024-02-28 07:52:26,338 INFO reduce.EventFetcher: EventFetcher is interrupted.. Returning
2024-02-28 07:52:26,339 INFO mapred.LocalJobRunner: 1 / 1 copied.
2024-02-28 07:52:26,339 INFO reduce.MergeManagerImpl: finalMerge called with 1 in-memory map-outputs and 0 on-disk map-outputs
2024-02-28 07:52:26,340 INFO mapred.Merger: Merging 1 sorted segments
2024-02-28 07:52:26,340 INFO mapred.Merger: Down to the last merge-pass, with 1 segments left of total size: 43672 bytes
2024-02-28 07:52:26,342 INFO reduce.MergeManagerImpl: Merged 1 segments, 43682 bytes to disk to satisfy reduce memory limit
2024-02-28 07:52:26,342 INFO reduce.MergeManagerImpl: Merging 1 files, 43686 bytes from disk
2024-02-28 07:52:26,342 INFO reduce.MergeManagerImpl: Merging 0 segments, 0 bytes from memory into reduce
2024-02-28 07:52:26,342 INFO mapred.Merger: Merging 1 sorted segments
2024-02-28 07:52:26,342 INFO mapred.Merger: Down to the last merge-pass, with 1 segments left of total size: 43672 bytes
2024-02-28 07:52:26,343 INFO mapred.LocalJobRunner: 1 / 1 copied.
2024-02-28 07:52:26,404 INFO mapred.Task: Task:attempt_local1954249769_0002_r_000000_0 is done. And is in the process of committing
2024-02-28 07:52:26,404 INFO mapred.LocalJobRunner: 1 / 1 copied.
2024-02-28 07:52:26,404 INFO mapred.Task: Task attempt_local1954249769_0002_r_000000_0 is allowed to commit now
2024-02-28 07:52:26,415 INFO output.FileOutputCommitter: Saved output of task 'attempt_local1954249769_0002_r_000000_0' to file:/home/snavadia/project2/right_tmp
2024-02-28 07:52:26,416 INFO mapred.LocalJobRunner: reduce > reduce
2024-02-28 07:52:26,416 INFO mapred.Task: Task 'attempt_local1954249769_0002_r_000000_0' done.
2024-02-28 07:52:26,416 INFO mapred.Task: Final Counters for attempt_local1954249769_0002_r_000000_0: Counters: 24
	File System Counters
		FILE: Number of bytes read=234659
		FILE: Number of bytes written=1320522
		FILE: Number of read operations=0
		FILE: Number of large read operations=0
		FILE: Number of write operations=0
	Map-Reduce Framework
		Combine input records=0
		Combine output records=0
		Reduce input groups=40
		Reduce shuffle bytes=43686
		Reduce input records=1680
		Reduce output records=40
		Spilled Records=1680
		Shuffled Maps =1
		Failed Shuffles=0
		Merged Map outputs=1
		GC time elapsed (ms)=0
		Total committed heap usage (bytes)=2147483648
	Shuffle Errors
		BAD_ID=0
		CONNECTION=0
		IO_ERROR=0
		WRONG_LENGTH=0
		WRONG_MAP=0
		WRONG_REDUCE=0
	File Output Format Counters 
		Bytes Written=16825
2024-02-28 07:52:26,416 INFO mapred.LocalJobRunner: Finishing task: attempt_local1954249769_0002_r_000000_0
2024-02-28 07:52:26,416 INFO mapred.LocalJobRunner: reduce task executor complete.
2024-02-28 07:52:27,231 INFO mapreduce.Job: Job job_local1954249769_0002 running in uber mode : false
2024-02-28 07:52:27,232 INFO mapreduce.Job:  map 100% reduce 100%
2024-02-28 07:52:27,232 INFO mapreduce.Job: Job job_local1954249769_0002 completed successfully
2024-02-28 07:52:27,235 INFO mapreduce.Job: Counters: 30
	File System Counters
		FILE: Number of bytes read=381914
		FILE: Number of bytes written=2580533
		FILE: Number of read operations=0
		FILE: Number of large read operations=0
		FILE: Number of write operations=0
	Map-Reduce Framework
		Map input records=1680
		Map output records=1680
		Map output bytes=40320
		Map output materialized bytes=43686
		Input split bytes=112
		Combine input records=0
		Combine output records=0
		Reduce input groups=40
		Reduce shuffle bytes=43686
		Reduce input records=1680
		Reduce output records=40
		Spilled Records=3360
		Shuffled Maps =1
		Failed Shuffles=0
		Merged Map outputs=1
		GC time elapsed (ms)=0
		Total committed heap usage (bytes)=4294967296
	Shuffle Errors
		BAD_ID=0
		CONNECTION=0
		IO_ERROR=0
		WRONG_LENGTH=0
		WRONG_MAP=0
		WRONG_REDUCE=0
	File Input Format Counters 
		Bytes Read=20844
	File Output Format Counters 
		Bytes Written=16825
2024-02-28 07:52:27,236 WARN impl.MetricsSystemImpl: JobTracker metrics system already initialized!
2024-02-28 07:52:27,237 WARN mapreduce.JobResourceUploader: Hadoop command-line option parsing not performed. Implement the Tool interface and execute your application with ToolRunner to remedy this.
2024-02-28 07:52:27,246 INFO input.FileInputFormat: Total input files to process : 2
2024-02-28 07:52:27,250 INFO mapreduce.JobSubmitter: number of splits:2
2024-02-28 07:52:27,266 INFO mapreduce.JobSubmitter: Submitting tokens for job: job_local1254829089_0003
2024-02-28 07:52:27,266 INFO mapreduce.JobSubmitter: Executing with tokens: []
2024-02-28 07:52:27,309 INFO mapreduce.Job: The url to track the job: http://localhost:8080/
2024-02-28 07:52:27,309 INFO mapreduce.Job: Running job: job_local1254829089_0003
2024-02-28 07:52:27,309 INFO mapred.LocalJobRunner: OutputCommitter set in config null
2024-02-28 07:52:27,310 INFO output.FileOutputCommitter: File Output Committer Algorithm version is 2
2024-02-28 07:52:27,310 INFO output.FileOutputCommitter: FileOutputCommitter skip cleanup _temporary folders under output directory:false, ignore cleanup failures: false
2024-02-28 07:52:27,310 INFO mapred.LocalJobRunner: OutputCommitter is org.apache.hadoop.mapreduce.lib.output.FileOutputCommitter
2024-02-28 07:52:27,386 INFO mapred.LocalJobRunner: Waiting for map tasks
2024-02-28 07:52:27,386 INFO mapred.LocalJobRunner: Starting task: attempt_local1254829089_0003_m_000000_0
2024-02-28 07:52:27,388 INFO output.FileOutputCommitter: File Output Committer Algorithm version is 2
2024-02-28 07:52:27,388 INFO output.FileOutputCommitter: FileOutputCommitter skip cleanup _temporary folders under output directory:false, ignore cleanup failures: false
2024-02-28 07:52:27,388 INFO mapred.Task:  Using ResourceCalculatorProcessTree : [ ]
2024-02-28 07:52:27,389 INFO mapred.MapTask: Processing split: file:/home/snavadia/project2/right_tmp/part-r-00000:0+16685
2024-02-28 07:52:27,400 INFO mapred.MapTask: (EQUATOR) 0 kvi 26214396(104857584)
2024-02-28 07:52:27,400 INFO mapred.MapTask: mapreduce.task.io.sort.mb: 100
2024-02-28 07:52:27,400 INFO mapred.MapTask: soft limit at 83886080
2024-02-28 07:52:27,401 INFO mapred.MapTask: bufstart = 0; bufvoid = 104857600
2024-02-28 07:52:27,401 INFO mapred.MapTask: kvstart = 26214396; length = 6553600
2024-02-28 07:52:27,402 INFO mapred.MapTask: Map output collector class = org.apache.hadoop.mapred.MapTask$MapOutputBuffer
2024-02-28 07:52:27,410 INFO mapred.LocalJobRunner: 
2024-02-28 07:52:27,410 INFO mapred.MapTask: Starting flush of map output
2024-02-28 07:52:27,410 INFO mapred.MapTask: Spilling map output
2024-02-28 07:52:27,410 INFO mapred.MapTask: bufstart = 0; bufend = 16320; bufvoid = 104857600
2024-02-28 07:52:27,410 INFO mapred.MapTask: kvstart = 26214396(104857584); kvend = 26214240(104856960); length = 157/6553600
2024-02-28 07:52:27,411 INFO mapred.MapTask: Finished spill 0
2024-02-28 07:52:27,412 INFO mapred.Task: Task:attempt_local1254829089_0003_m_000000_0 is done. And is in the process of committing
2024-02-28 07:52:27,413 INFO mapred.LocalJobRunner: map
2024-02-28 07:52:27,413 INFO mapred.Task: Task 'attempt_local1254829089_0003_m_000000_0' done.
2024-02-28 07:52:27,413 INFO mapred.Task: Final Counters for attempt_local1254829089_0003_m_000000_0: Counters: 17
	File System Counters
		FILE: Number of bytes read=260965
		FILE: Number of bytes written=1893808
		FILE: Number of read operations=0
		FILE: Number of large read operations=0
		FILE: Number of write operations=0
	Map-Reduce Framework
		Map input records=40
		Map output records=40
		Map output bytes=16320
		Map output materialized bytes=16486
		Input split bytes=248
		Combine input records=0
		Spilled Records=40
		Failed Shuffles=0
		Merged Map outputs=0
		GC time elapsed (ms)=0
		Total committed heap usage (bytes)=2147483648
	File Input Format Counters 
		Bytes Read=0
2024-02-28 07:52:27,413 INFO mapred.LocalJobRunner: Finishing task: attempt_local1254829089_0003_m_000000_0
2024-02-28 07:52:27,413 INFO mapred.LocalJobRunner: Starting task: attempt_local1254829089_0003_m_000001_0
2024-02-28 07:52:27,414 INFO output.FileOutputCommitter: File Output Committer Algorithm version is 2
2024-02-28 07:52:27,414 INFO output.FileOutputCommitter: FileOutputCommitter skip cleanup _temporary folders under output directory:false, ignore cleanup failures: false
2024-02-28 07:52:27,414 INFO mapred.Task:  Using ResourceCalculatorProcessTree : [ ]
2024-02-28 07:52:27,415 INFO mapred.MapTask: Processing split: file:/home/snavadia/project2/left_tmp/part-r-00000:0+16685
2024-02-28 07:52:27,426 INFO mapred.MapTask: (EQUATOR) 0 kvi 26214396(104857584)
2024-02-28 07:52:27,426 INFO mapred.MapTask: mapreduce.task.io.sort.mb: 100
2024-02-28 07:52:27,426 INFO mapred.MapTask: soft limit at 83886080
2024-02-28 07:52:27,426 INFO mapred.MapTask: bufstart = 0; bufvoid = 104857600
2024-02-28 07:52:27,426 INFO mapred.MapTask: kvstart = 26214396; length = 6553600
2024-02-28 07:52:27,427 INFO mapred.MapTask: Map output collector class = org.apache.hadoop.mapred.MapTask$MapOutputBuffer
2024-02-28 07:52:27,429 INFO mapred.LocalJobRunner: 
2024-02-28 07:52:27,429 INFO mapred.MapTask: Starting flush of map output
2024-02-28 07:52:27,429 INFO mapred.MapTask: Spilling map output
2024-02-28 07:52:27,429 INFO mapred.MapTask: bufstart = 0; bufend = 16320; bufvoid = 104857600
2024-02-28 07:52:27,429 INFO mapred.MapTask: kvstart = 26214396(104857584); kvend = 26214240(104856960); length = 157/6553600
2024-02-28 07:52:27,430 INFO mapred.MapTask: Finished spill 0
2024-02-28 07:52:27,431 INFO mapred.Task: Task:attempt_local1254829089_0003_m_000001_0 is done. And is in the process of committing
2024-02-28 07:52:27,432 INFO mapred.LocalJobRunner: map
2024-02-28 07:52:27,432 INFO mapred.Task: Task 'attempt_local1254829089_0003_m_000001_0' done.
2024-02-28 07:52:27,433 INFO mapred.Task: Final Counters for attempt_local1254829089_0003_m_000001_0: Counters: 17
	File System Counters
		FILE: Number of bytes read=278304
		FILE: Number of bytes written=1910326
		FILE: Number of read operations=0
		FILE: Number of large read operations=0
		FILE: Number of write operations=0
	Map-Reduce Framework
		Map input records=40
		Map output records=40
		Map output bytes=16320
		Map output materialized bytes=16486
		Input split bytes=247
		Combine input records=0
		Spilled Records=40
		Failed Shuffles=0
		Merged Map outputs=0
		GC time elapsed (ms)=0
		Total committed heap usage (bytes)=2147483648
	File Input Format Counters 
		Bytes Read=0
2024-02-28 07:52:27,433 INFO mapred.LocalJobRunner: Finishing task: attempt_local1254829089_0003_m_000001_0
2024-02-28 07:52:27,433 INFO mapred.LocalJobRunner: map task executor complete.
2024-02-28 07:52:27,433 INFO mapred.LocalJobRunner: Waiting for reduce tasks
2024-02-28 07:52:27,433 INFO mapred.LocalJobRunner: Starting task: attempt_local1254829089_0003_r_000000_0
2024-02-28 07:52:27,435 INFO output.FileOutputCommitter: File Output Committer Algorithm version is 2
2024-02-28 07:52:27,435 INFO output.FileOutputCommitter: FileOutputCommitter skip cleanup _temporary folders under output directory:false, ignore cleanup failures: false
2024-02-28 07:52:27,435 INFO mapred.Task:  Using ResourceCalculatorProcessTree : [ ]
2024-02-28 07:52:27,435 INFO mapred.ReduceTask: Using ShuffleConsumerPlugin: org.apache.hadoop.mapreduce.task.reduce.Shuffle@5f2a9d4
2024-02-28 07:52:27,435 WARN impl.MetricsSystemImpl: JobTracker metrics system already initialized!
2024-02-28 07:52:27,436 INFO reduce.MergeManagerImpl: The max number of bytes for a single in-memory shuffle cannot be larger than Integer.MAX_VALUE. Setting it to Integer.MAX_VALUE
2024-02-28 07:52:27,436 INFO reduce.MergeManagerImpl: MergerManager: memoryLimit=22525089792, maxSingleShuffleLimit=2147483647, mergeThreshold=14866560000, ioSortFactor=10, memToMemMergeOutputsThreshold=10
2024-02-28 07:52:27,436 INFO reduce.EventFetcher: attempt_local1254829089_0003_r_000000_0 Thread started: EventFetcher for fetching Map Completion Events
2024-02-28 07:52:27,438 INFO reduce.LocalFetcher: localfetcher#3 about to shuffle output of map attempt_local1254829089_0003_m_000000_0 decomp: 16482 len: 16486 to MEMORY
2024-02-28 07:52:27,438 INFO reduce.InMemoryMapOutput: Read 16482 bytes from map-output for attempt_local1254829089_0003_m_000000_0
2024-02-28 07:52:27,438 INFO reduce.MergeManagerImpl: closeInMemoryFile -> map-output of size: 16482, inMemoryMapOutputs.size() -> 1, commitMemory -> 0, usedMemory ->16482
2024-02-28 07:52:27,439 INFO reduce.LocalFetcher: localfetcher#3 about to shuffle output of map attempt_local1254829089_0003_m_000001_0 decomp: 16482 len: 16486 to MEMORY
2024-02-28 07:52:27,439 INFO reduce.InMemoryMapOutput: Read 16482 bytes from map-output for attempt_local1254829089_0003_m_000001_0
2024-02-28 07:52:27,439 INFO reduce.MergeManagerImpl: closeInMemoryFile -> map-output of size: 16482, inMemoryMapOutputs.size() -> 2, commitMemory -> 16482, usedMemory ->32964
2024-02-28 07:52:27,439 INFO reduce.EventFetcher: EventFetcher is interrupted.. Returning
2024-02-28 07:52:27,440 INFO mapred.LocalJobRunner: 2 / 2 copied.
2024-02-28 07:52:27,440 INFO reduce.MergeManagerImpl: finalMerge called with 2 in-memory map-outputs and 0 on-disk map-outputs
2024-02-28 07:52:27,441 INFO mapred.Merger: Merging 2 sorted segments
2024-02-28 07:52:27,441 INFO mapred.Merger: Down to the last merge-pass, with 2 segments left of total size: 32940 bytes
2024-02-28 07:52:27,442 INFO reduce.MergeManagerImpl: Merged 2 segments, 32964 bytes to disk to satisfy reduce memory limit
2024-02-28 07:52:27,442 INFO reduce.MergeManagerImpl: Merging 1 files, 32966 bytes from disk
2024-02-28 07:52:27,442 INFO reduce.MergeManagerImpl: Merging 0 segments, 0 bytes from memory into reduce
2024-02-28 07:52:27,442 INFO mapred.Merger: Merging 1 sorted segments
2024-02-28 07:52:27,442 INFO mapred.Merger: Down to the last merge-pass, with 1 segments left of total size: 32950 bytes
2024-02-28 07:52:27,442 INFO mapred.LocalJobRunner: 2 / 2 copied.
2024-02-28 07:52:27,538 INFO mapred.Task: Task:attempt_local1254829089_0003_r_000000_0 is done. And is in the process of committing
2024-02-28 07:52:27,538 INFO mapred.LocalJobRunner: 2 / 2 copied.
2024-02-28 07:52:27,538 INFO mapred.Task: Task attempt_local1254829089_0003_r_000000_0 is allowed to commit now
2024-02-28 07:52:27,558 INFO output.FileOutputCommitter: Saved output of task 'attempt_local1254829089_0003_r_000000_0' to file:/home/snavadia/project2/output
2024-02-28 07:52:27,558 INFO mapred.LocalJobRunner: reduce > reduce
2024-02-28 07:52:27,558 INFO mapred.Task: Task 'attempt_local1254829089_0003_r_000000_0' done.
2024-02-28 07:52:27,558 INFO mapred.Task: Final Counters for attempt_local1254829089_0003_r_000000_0: Counters: 24
	File System Counters
		FILE: Number of bytes read=344306
		FILE: Number of bytes written=1958003
		FILE: Number of read operations=0
		FILE: Number of large read operations=0
		FILE: Number of write operations=0
	Map-Reduce Framework
		Combine input records=0
		Combine output records=0
		Reduce input groups=40
		Reduce shuffle bytes=32972
		Reduce input records=80
		Reduce output records=40
		Spilled Records=80
		Shuffled Maps =2
		Failed Shuffles=0
		Merged Map outputs=2
		GC time elapsed (ms)=0
		Total committed heap usage (bytes)=2147483648
	Shuffle Errors
		BAD_ID=0
		CONNECTION=0
		IO_ERROR=0
		WRONG_LENGTH=0
		WRONG_MAP=0
		WRONG_REDUCE=0
	File Output Format Counters 
		Bytes Written=14711
2024-02-28 07:52:27,558 INFO mapred.LocalJobRunner: Finishing task: attempt_local1254829089_0003_r_000000_0
2024-02-28 07:52:27,558 INFO mapred.LocalJobRunner: reduce task executor complete.
2024-02-28 07:52:28,310 INFO mapreduce.Job: Job job_local1254829089_0003 running in uber mode : false
2024-02-28 07:52:28,310 INFO mapreduce.Job:  map 100% reduce 100%
2024-02-28 07:52:28,310 INFO mapreduce.Job: Job job_local1254829089_0003 completed successfully
2024-02-28 07:52:28,313 INFO mapreduce.Job: Counters: 30
	File System Counters
		FILE: Number of bytes read=883575
		FILE: Number of bytes written=5762137
		FILE: Number of read operations=0
		FILE: Number of large read operations=0
		FILE: Number of write operations=0
	Map-Reduce Framework
		Map input records=80
		Map output records=80
		Map output bytes=32640
		Map output materialized bytes=32972
		Input split bytes=495
		Combine input records=0
		Combine output records=0
		Reduce input groups=40
		Reduce shuffle bytes=32972
		Reduce input records=80
		Reduce output records=40
		Spilled Records=160
		Shuffled Maps =2
		Failed Shuffles=0
		Merged Map outputs=2
		GC time elapsed (ms)=0
		Total committed heap usage (bytes)=6442450944
	Shuffle Errors
		BAD_ID=0
		CONNECTION=0
		IO_ERROR=0
		WRONG_LENGTH=0
		WRONG_MAP=0
		WRONG_REDUCE=0
	File Input Format Counters 
		Bytes Read=0
	File Output Format Counters 
		Bytes Written=14711
